Removed Pin From Net: NetName=NetC5_2 Pin=X1-1
Removed Pin From Net: NetName=NetC4_2 Pin=X1-2
Removed Member From Class: ClassName=Skematic Member=X1
Added Component: Designator=X?(ABRA-ABLS-14.7456MHZ-B2-T_V)
Add component (AddParameter): Name = "Brand"; Value = "ABRACON"; VariantName = "[No Variations]"
Add component (AddParameter): Name = "Case Height"; Value = "4.2mm"; VariantName = "[No Variations]"
Add component (AddParameter): Name = "Case Length"; Value = "11.4mm"; VariantName = "[No Variations]"
Add component (AddParameter): Name = "Case Width"; Value = "4.7mm"; VariantName = "[No Variations]"
Add component (AddParameter): Name = "Datasheet URL"; Value = "http://www.abracon.com/Resonators/abls.pdf"; VariantName = "[No Variations]"
Add component (AddParameter): Name = "Datasheet Version"; Value = "04/2011"; VariantName = "[No Variations]"
Add component (AddParameter): Name = "Dimensions"; Value = "4.7mmWx11.4mmLx4.2mmH"; VariantName = "[No Variations]"
Add component (AddParameter): Name = "ESR"; Value = "80Ohms"; VariantName = "[No Variations]"
Add component (AddParameter): Name = "Factory Pack Quantity"; Value = "1000"; VariantName = "[No Variations]"
Add component (AddParameter): Name = "Frequency"; Value = "8MHz"; VariantName = "[No Variations]"
Add component (AddParameter): Name = "Frequency Stability"; Value = "50PPM"; VariantName = "[No Variations]"
Add component (AddParameter): Name = "Load Capacitance"; Value = "18pF"; VariantName = "[No Variations]"
Add component (AddParameter): Name = "Manufacturer"; Value = "ABRACON"; VariantName = "[No Variations]"
Add component (AddParameter): Name = "Manufacturer URL"; Value = "http://www.abracon.com/"; VariantName = "[No Variations]"
Add component (AddParameter): Name = "Mounting Style"; Value = "SMD/SMT"; VariantName = "[No Variations]"
Add component (AddParameter): Name = "Mounting Technology"; Value = "SurfaceMount"; VariantName = "[No Variations]"
Add component (AddParameter): Name = "Operating Temperature Range"; Value = "-20Cto+70C"; VariantName = "[No Variations]"
Add component (AddParameter): Name = "Package / Case"; Value = "HC-49/US"; VariantName = "[No Variations]"
Add component (AddParameter): Name = "Package Description"; Value = "2-Pin Surface Mount Device, Body 11.4 x 4.7 mm"; VariantName = "[No Variations]"
Add component (AddParameter): Name = "Package Reference"; Value = "ABLS-14.7456MHZ-B2-T"; VariantName = "[No Variations]"
Add component (AddParameter): Name = "Package URL"; Value = "http://www.abracon.com/Support/PackageDrawing/Resonators/ABLS-2D.pdf"; VariantName = "[No Variations]"
Add component (AddParameter): Name = "Packaging"; Value = "Reel"; VariantName = "[No Variations]"
Add component (AddParameter): Name = "Product Category"; Value = "Crystals"; VariantName = "[No Variations]"
Add component (AddParameter): Name = "RoHS"; Value = "Details"; VariantName = "[No Variations]"
Add component (AddParameter): Name = "Series"; Value = "ABLS"; VariantName = "[No Variations]"
Add component (AddParameter): Name = "Termination Style"; Value = "SMD/SMT"; VariantName = "[No Variations]"
Add component (AddParameter): Name = "Tolerance"; Value = "30PPM"; VariantName = "[No Variations]"
Add component (AddParameter): Name = "Type"; Value = "LowProfileMicroprocessorCrystal"; VariantName = "[No Variations]"
Added Pin To Net: NetName=NetC5_2 Pin=X?-1
Added Pin To Net: NetName=NetC4_2 Pin=X?-2
Added Member To Class: ClassName=Skematic Member=Component X? ABLS-8.000MHZ-B4-T
